<?xml version="1.0" encoding="UTF-8"?>
<testsuite xmlns:xsi="http://www.w3.org/2001/XMLSchema-instance" xsi:noNamespaceSchemaLocation="https://maven.apache.org/surefire/maven-surefire-plugin/xsd/surefire-test-report.xsd" name="com.nice.avishkar.TravelOptimizerTest" time="0.212" tests="7" errors="0" skipped="1" failures="6">
  <properties>
    <property name="java.specification.version" value="23"/>
    <property name="sun.jnu.encoding" value="UTF-8"/>
    <property name="java.class.path" value="/Users/krishna/Desktop/MyTeam_Java/target/test-classes:/Users/krishna/Desktop/MyTeam_Java/target/classes:/Users/krishna/.m2/repository/junit/junit/4.12/junit-4.12.jar:/Users/krishna/.m2/repository/org/hamcrest/hamcrest-core/1.3/hamcrest-core-1.3.jar:/Users/krishna/.m2/repository/org/mockito/mockito-all/1.10.19/mockito-all-1.10.19.jar:"/>
    <property name="java.vm.vendor" value="Homebrew"/>
    <property name="sun.arch.data.model" value="64"/>
    <property name="java.vendor.url" value="https://github.com/Homebrew/homebrew-core/issues"/>
    <property name="os.name" value="Mac OS X"/>
    <property name="java.vm.specification.version" value="23"/>
    <property name="sun.java.launcher" value="SUN_STANDARD"/>
    <property name="user.country" value="IN"/>
    <property name="sun.boot.library.path" value="/usr/local/Cellar/openjdk/23.0.2/libexec/openjdk.jdk/Contents/Home/lib"/>
    <property name="sun.java.command" value="/Users/krishna/Desktop/MyTeam_Java/target/surefire/surefirebooter6474319127603776860.jar /Users/krishna/Desktop/MyTeam_Java/target/surefire 2025-11-01T11-04-08_026-jvmRun1 surefire5003433672897928894tmp surefire_05460933702133783873tmp"/>
    <property name="http.nonProxyHosts" value="local|*.local|169.254/16|*.169.254/16"/>
    <property name="jdk.debug" value="release"/>
    <property name="surefire.test.class.path" value="/Users/krishna/Desktop/MyTeam_Java/target/test-classes:/Users/krishna/Desktop/MyTeam_Java/target/classes:/Users/krishna/.m2/repository/junit/junit/4.12/junit-4.12.jar:/Users/krishna/.m2/repository/org/hamcrest/hamcrest-core/1.3/hamcrest-core-1.3.jar:/Users/krishna/.m2/repository/org/mockito/mockito-all/1.10.19/mockito-all-1.10.19.jar:"/>
    <property name="sun.cpu.endian" value="little"/>
    <property name="user.home" value="/Users/krishna"/>
    <property name="user.language" value="en"/>
    <property name="java.specification.vendor" value="Oracle Corporation"/>
    <property name="java.version.date" value="2025-01-21"/>
    <property name="java.home" value="/usr/local/Cellar/openjdk/23.0.2/libexec/openjdk.jdk/Contents/Home"/>
    <property name="file.separator" value="/"/>
    <property name="basedir" value="/Users/krishna/Desktop/MyTeam_Java"/>
    <property name="java.vm.compressedOopsMode" value="Zero based"/>
    <property name="line.separator" value="&#10;"/>
    <property name="java.vm.specification.vendor" value="Oracle Corporation"/>
    <property name="java.specification.name" value="Java Platform API Specification"/>
    <property name="apple.awt.application.name" value="ForkedBooter"/>
    <property name="surefire.real.class.path" value="/Users/krishna/Desktop/MyTeam_Java/target/surefire/surefirebooter6474319127603776860.jar"/>
    <property name="sun.management.compiler" value="HotSpot 64-Bit Tiered Compilers"/>
    <property name="ftp.nonProxyHosts" value="local|*.local|169.254/16|*.169.254/16"/>
    <property name="java.runtime.version" value="23.0.2"/>
    <property name="user.name" value="krishna"/>
    <property name="stdout.encoding" value="UTF-8"/>
    <property name="path.separator" value=":"/>
    <property name="os.version" value="26.0.1"/>
    <property name="java.runtime.name" value="OpenJDK Runtime Environment"/>
    <property name="file.encoding" value="UTF-8"/>
    <property name="java.vm.name" value="OpenJDK 64-Bit Server VM"/>
    <property name="java.vendor.version" value="Homebrew"/>
    <property name="localRepository" value="/Users/krishna/.m2/repository"/>
    <property name="java.vendor.url.bug" value="https://github.com/Homebrew/homebrew-core/issues"/>
    <property name="java.io.tmpdir" value="/var/folders/g9/q8r3vcws4nq16mtrmc7fy0wm0000gn/T/"/>
    <property name="java.version" value="23.0.2"/>
    <property name="user.dir" value="/Users/krishna/Desktop/MyTeam_Java"/>
    <property name="os.arch" value="x86_64"/>
    <property name="java.vm.specification.name" value="Java Virtual Machine Specification"/>
    <property name="native.encoding" value="UTF-8"/>
    <property name="java.library.path" value="/Users/krishna/Library/Java/Extensions:/Library/Java/Extensions:/Network/Library/Java/Extensions:/System/Library/Java/Extensions:/usr/lib/java:."/>
    <property name="java.vm.info" value="mixed mode, sharing"/>
    <property name="stderr.encoding" value="UTF-8"/>
    <property name="java.vendor" value="Homebrew"/>
    <property name="java.vm.version" value="23.0.2"/>
    <property name="sun.io.unicode.encoding" value="UnicodeBig"/>
    <property name="socksNonProxyHosts" value="local|*.local|169.254/16|*.169.254/16"/>
    <property name="java.class.version" value="67.0"/>
  </properties>
  <testcase name="testWithSummary" classname="com.nice.avishkar.TravelOptimizerTest" time="0">
    <skipped message="got: &lt;false&gt;, expected: is &lt;true&gt;"/>
  </testcase>
  <testcase name="test1" classname="com.nice.avishkar.TravelOptimizerTest" time="0.001">
    <failure type="java.lang.AssertionError">java.lang.AssertionError
	at com.nice.avishkar.TravelOptimizerTest.test1(TravelOptimizerTest.java:36)
</failure>
  </testcase>
  <testcase name="test2" classname="com.nice.avishkar.TravelOptimizerTest" time="0.001">
    <failure type="java.lang.AssertionError">java.lang.AssertionError
	at com.nice.avishkar.TravelOptimizerTest.test2(TravelOptimizerTest.java:60)
</failure>
  </testcase>
  <testcase name="test3" classname="com.nice.avishkar.TravelOptimizerTest" time="0.001">
    <failure type="java.lang.AssertionError">java.lang.AssertionError
	at com.nice.avishkar.TravelOptimizerTest.test3(TravelOptimizerTest.java:90)
</failure>
  </testcase>
  <testcase name="test4" classname="com.nice.avishkar.TravelOptimizerTest" time="0.001">
    <failure type="java.lang.AssertionError">java.lang.AssertionError
	at com.nice.avishkar.TravelOptimizerTest.test4(TravelOptimizerTest.java:119)
</failure>
  </testcase>
  <testcase name="test5" classname="com.nice.avishkar.TravelOptimizerTest" time="0.001">
    <failure type="java.lang.AssertionError">java.lang.AssertionError
	at com.nice.avishkar.TravelOptimizerTest.test5(TravelOptimizerTest.java:142)
</failure>
  </testcase>
  <testcase name="test6" classname="com.nice.avishkar.TravelOptimizerTest" time="0.007">
    <failure type="java.lang.AssertionError">java.lang.AssertionError
	at com.nice.avishkar.TravelOptimizerTest.test6(TravelOptimizerTest.java:171)
</failure>
  </testcase>
</testsuite>