<?xml version="1.0" encoding="UTF-8"?>
<testsuite xmlns:xsi="http://www.w3.org/2001/XMLSchema-instance" xsi:noNamespaceSchemaLocation="https://maven.apache.org/surefire/maven-surefire-plugin/xsd/surefire-test-report.xsd" name="com.nice.avishkar.TravelOptimizerTest" time="0.212" tests="7" errors="0" skipped="1" failures="6">
  <properties>
[...]
</properties>
  <testcase name="testWithSummary" classname="com.nice.avishkar.TravelOptimizerTest" time="0">
    <skipped message="got: &lt;false&gt;, expected: is &lt;true&gt;"/>
  </testcase>
  <testcase name="test1" classname="com.nice.avishkar.TravelOptimizerTest" time="0.001">
    <failure type="java.lang.AssertionError">java.lang.AssertionError
	at com.nice.avishkar.TravelOptimizerTest.test1(TravelOptimizerTest.java:36)
</failure>
  </testcase>
  <testcase name="test2" classname="com.nice.avishkar.TravelOptimizerTest" time="0.001">
    <failure type="java.lang.AssertionError">java.lang.AssertionError
	at com.nice.avishkar.TravelOptimizerTest.test2(TravelOptimizerTest.java:60)
</failure>
  </testcase>
  <testcase name="test3" classname="com.nice.avishkar.TravelOptimizerTest" time="0.001">
    <failure type="java.lang.AssertionError">java.lang.AssertionError
	at com.nice.avishkar.TravelOptimizerTest.test3(TravelOptimizerTest.java:90)
</failure>
  </testcase>
  <testcase name="test4" classname="com.nice.avishkar.TravelOptimizerTest" time="0.001">
    <failure type="java.lang.AssertionError">java.lang.AssertionError
	at com.nice.avishkar.TravelOptimizerTest.test4(TravelOptimizerTest.java:119)
</failure>
  </testcase>
  <testcase name="test5" classname="com.nice.avishkar.TravelOptimizerTest" time="0.001">
    <failure type="java.lang.AssertionError">java.lang.AssertionError
	at com.nice.avishkar.TravelOptimizerTest.test5(TravelOptimizerTest.java:142)
</failure>
  </testcase>
  <testcase name="test6" classname="com.nice.avishkar.TravelOptimizerTest" time="0.007">
    <failure type="java.lang.AssertionError">java.lang.AssertionError
	at com.nice.avishkar.TravelOptimizerTest.test6(TravelOptimizerTest.java:171)
</failure>
  </testcase>
</testsuite>