<?xml version="1.0" encoding="UTF-8"?>
<testsuite xmlns:xsi="http://www.w3.org/2001/XMLSchema-instance" xsi:noNamespaceSchemaLocation="https://maven.apache.org/surefire/maven-surefire-plugin/xsd/surefire-test-report.xsd" name="com.nice.avishkar.TravelOptimizerTest" time="0.534" tests="7" errors="6" skipped="1" failures="0">
  <properties>
[...]
</properties>
  <testcase name="testWithSummary" classname="com.nice.avishkar.TravelOptimizerTest" time="0">
    <skipped message="got: &lt;false&gt;, expected: is &lt;true&gt;"/>
  </testcase>
  <testcase name="test1" classname="com.nice.avishkar.TravelOptimizerTest" time="0.045">
    <error message="Cannot invoke &quot;com.nice.avishkar.OptimalTravelSchedule.getValue()&quot; because the return value of &quot;java.util.Map.get(Object)&quot; is null" type="java.lang.NullPointerException">java.lang.NullPointerException: Cannot invoke "com.nice.avishkar.OptimalTravelSchedule.getValue()" because the return value of "java.util.Map.get(Object)" is null
	at com.nice.avishkar.TravelOptimizerTest.test1(TravelOptimizerTest.java:38)
</error>
  </testcase>
  <testcase name="test2" classname="com.nice.avishkar.TravelOptimizerTest" time="0.013">
    <error message="Cannot invoke &quot;com.nice.avishkar.OptimalTravelSchedule.getValue()&quot; because the return value of &quot;java.util.Map.get(Object)&quot; is null" type="java.lang.NullPointerException">java.lang.NullPointerException: Cannot invoke "com.nice.avishkar.OptimalTravelSchedule.getValue()" because the return value of "java.util.Map.get(Object)" is null
	at com.nice.avishkar.TravelOptimizerTest.test2(TravelOptimizerTest.java:62)
</error>
  </testcase>
  <testcase name="test3" classname="com.nice.avishkar.TravelOptimizerTest" time="0.015">
    <error message="Cannot invoke &quot;com.nice.avishkar.OptimalTravelSchedule.getValue()&quot; because the return value of &quot;java.util.Map.get(Object)&quot; is null" type="java.lang.NullPointerException">java.lang.NullPointerException: Cannot invoke "com.nice.avishkar.OptimalTravelSchedule.getValue()" because the return value of "java.util.Map.get(Object)" is null
	at com.nice.avishkar.TravelOptimizerTest.test3(TravelOptimizerTest.java:92)
</error>
  </testcase>
  <testcase name="test4" classname="com.nice.avishkar.TravelOptimizerTest" time="0.033">
    <error message="Cannot invoke &quot;com.nice.avishkar.OptimalTravelSchedule.getValue()&quot; because the return value of &quot;java.util.Map.get(Object)&quot; is null" type="java.lang.NullPointerException">java.lang.NullPointerException: Cannot invoke "com.nice.avishkar.OptimalTravelSchedule.getValue()" because the return value of "java.util.Map.get(Object)" is null
	at com.nice.avishkar.TravelOptimizerTest.test4(TravelOptimizerTest.java:121)
</error>
  </testcase>
  <testcase name="test5" classname="com.nice.avishkar.TravelOptimizerTest" time="0.067">
    <error message="Cannot invoke &quot;com.nice.avishkar.OptimalTravelSchedule.getValue()&quot; because the return value of &quot;java.util.Map.get(Object)&quot; is null" type="java.lang.NullPointerException">java.lang.NullPointerException: Cannot invoke "com.nice.avishkar.OptimalTravelSchedule.getValue()" because the return value of "java.util.Map.get(Object)" is null
	at com.nice.avishkar.TravelOptimizerTest.test5(TravelOptimizerTest.java:144)
</error>
  </testcase>
  <testcase name="test6" classname="com.nice.avishkar.TravelOptimizerTest" time="0.157">
    <error message="Cannot invoke &quot;com.nice.avishkar.OptimalTravelSchedule.getRoutes()&quot; because the return value of &quot;java.util.Map.get(Object)&quot; is null" type="java.lang.NullPointerException">java.lang.NullPointerException: Cannot invoke "com.nice.avishkar.OptimalTravelSchedule.getRoutes()" because the return value of "java.util.Map.get(Object)" is null
	at com.nice.avishkar.TravelOptimizerTest.test6(TravelOptimizerTest.java:173)
</error>
  </testcase>
</testsuite>