<?xml version="1.0" encoding="UTF-8"?>
<testsuite xmlns:xsi="http://www.w3.org/2001/XMLSchema-instance" xsi:noNamespaceSchemaLocation="https://maven.apache.org/surefire/maven-surefire-plugin/xsd/surefire-test-report.xsd" name="com.nice.avishkar.TravelOptimizerTest" time="268.751" tests="7" errors="0" skipped="1" failures="0">
  <properties>
[...]
</properties>
  <testcase name="testWithSummary" classname="com.nice.avishkar.TravelOptimizerTest" time="0">
    <skipped message="got: &lt;false&gt;, expected: is &lt;true&gt;"/>
  </testcase>
  <testcase name="test1" classname="com.nice.avishkar.TravelOptimizerTest" time="0.162"/>
  <testcase name="test2" classname="com.nice.avishkar.TravelOptimizerTest" time="0.026"/>
  <testcase name="test3" classname="com.nice.avishkar.TravelOptimizerTest" time="0.222"/>
  <testcase name="test4" classname="com.nice.avishkar.TravelOptimizerTest" time="1.782"/>
  <testcase name="test5" classname="com.nice.avishkar.TravelOptimizerTest" time="67.354"/>
  <testcase name="test6" classname="com.nice.avishkar.TravelOptimizerTest" time="198.639"/>
</testsuite>